<component name="libraryTable">
  <library name="junit4" type="repository">
    <properties maven-id="junit:junit:4.13.1" />
    <CLASSES />
    <JAVADOC />
    <SOURCES />
  </library>
</component>